
> frontend@0.1.0 dev
> next dev

⚠ Port 3000 is in use by process 17120, using available port 3001 instead.
▲ Next.js 16.1.6 (Turbopack)
- Local:         http://localhost:3001
- Network:       http://172.29.122.119:3001
- Environments: .env.local

✓ Starting...
✓ Ready in 2.5s
○ Compiling / ...
 GET / 200 in 7.7s (compile: 7.1s, render: 654ms)
 GET / 200 in 434ms (compile: 35ms, render: 399ms)
 GET / 200 in 117ms (compile: 6ms, render: 111ms)
 GET /contacto 404 in 1040ms (compile: 970ms, render: 70ms)
 GET /tiendas 404 in 94ms (compile: 32ms, render: 63ms)
 GET /tiendas 404 in 208ms (compile: 7ms, render: 201ms)
 GET / 200 in 258ms (compile: 7ms, render: 251ms)
 GET / 200 in 77ms (compile: 3ms, render: 74ms)
 GET / 200 in 103ms (compile: 5ms, render: 98ms)
 GET / 200 in 110ms (compile: 10ms, render: 100ms)
 GET / 200 in 99ms (compile: 8ms, render: 91ms)
 GET / 200 in 119ms (compile: 6ms, render: 114ms)
 GET / 200 in 69ms (compile: 4ms, render: 65ms)
 GET / 200 in 78ms (compile: 4ms, render: 75ms)
 GET / 200 in 108ms (compile: 3ms, render: 105ms)
 GET / 200 in 73ms (compile: 4ms, render: 69ms)
 GET / 200 in 90ms (compile: 4ms, render: 86ms)
 GET / 200 in 110ms (compile: 3ms, render: 107ms)
 GET /admin 404 in 118ms (compile: 24ms, render: 94ms)
 GET /partners/register 404 in 93ms (compile: 16ms, render: 77ms)
 GET /partners/register 404 in 89ms (compile: 10ms, render: 79ms)
 GET /partners/register 404 in 74ms (compile: 10ms, render: 64ms)
 GET /partners/login 200 in 1229ms (compile: 1064ms, render: 165ms)
 GET /admin/panel 200 in 1564ms (compile: 1259ms, render: 305ms)
 GET /admin/login 200 in 859ms (compile: 814ms, render: 45ms)
 GET /admin/login 200 in 122ms (compile: 24ms, render: 98ms)
 GET /admin/login 200 in 78ms (compile: 3ms, render: 75ms)
 GET / 200 in 317ms (compile: 101ms, render: 215ms)
 GET /admin/panel 200 in 110ms (compile: 17ms, render: 92ms)
○ Compiling /admin/panel/partners/pendientes ...
 GET /admin/panel 200 in 349ms (compile: 7ms, render: 341ms)
 GET /admin/panel/aliados 200 in 2.6s (compile: 2.5s, render: 85ms)
 GET /admin/panel/aliados/categorias 200 in 1522ms (compile: 1444ms, render: 78ms)
 GET /admin/panel/productos 200 in 1449ms (compile: 1368ms, render: 81ms)
 GET /admin/panel/productos/categorias 200 in 1462ms (compile: 1379ms, render: 82ms)
 GET /admin/panel/delivery-zonas 200 in 1532ms (compile: 1448ms, render: 84ms)
 GET /admin/panel 200 in 82ms (compile: 7ms, render: 75ms)
 GET / 200 in 287ms (compile: 8ms, render: 279ms)
 GET / 200 in 93ms (compile: 5ms, render: 89ms)
 GET / 200 in 64ms (compile: 3ms, render: 61ms)
 GET / 200 in 70ms (compile: 4ms, render: 66ms)
✓ Finished writing to filesystem cache in 28.3s
✓ Compiled in 37.8s
 GET /admin/login 200 in 839ms (compile: 304ms, render: 534ms)
 GET /admin/panel 200 in 1036ms (compile: 605ms, render: 431ms)
 GET /admin/panel/partners/pendientes 200 in 177ms (compile: 88ms, render: 89ms)
 GET /admin/panel/aliados 200 in 285ms (compile: 196ms, render: 90ms)
 GET /admin/panel/aliados/categorias 200 in 146ms (compile: 84ms, render: 62ms)
 GET /admin/panel/productos 200 in 160ms (compile: 107ms, render: 53ms)
 GET /admin/panel/productos/categorias 200 in 231ms (compile: 131ms, render: 100ms)
 GET /admin/panel/delivery-zonas 200 in 184ms (compile: 124ms, render: 59ms)
 GET /admin/panel/aliados 200 in 31ms (compile: 3ms, render: 28ms)
 GET /admin/panel/aliados/categorias 200 in 31ms (compile: 3ms, render: 28ms)
 GET /admin/panel/aliados 200 in 31ms (compile: 4ms, render: 27ms)
 GET /admin/login 200 in 167ms (compile: 15ms, render: 152ms)
 GET /admin/register 404 in 658ms (compile: 362ms, render: 296ms)
 GET /partners/register 404 in 159ms (compile: 14ms, render: 145ms)
 GET / 200 in 701ms (compile: 293ms, render: 407ms)
 GET /partners/login 200 in 712ms (compile: 236ms, render: 477ms)
 GET /partners/login 200 in 139ms (compile: 4ms, render: 136ms)
 GET /admin/login 200 in 252ms (compile: 5ms, render: 248ms)
 GET /admin/panel 200 in 106ms (compile: 18ms, render: 88ms)
 GET /admin/panel/partners/pendientes 200 in 46ms (compile: 6ms, render: 39ms)
 GET /partners/panel 200 in 1376ms (compile: 1297ms, render: 79ms)
 GET /partners/panel/tienda 200 in 1729ms (compile: 1432ms, render: 297ms)
 GET /partners/panel/tienda 200 in 1876ms (compile: 1290ms, render: 586ms)
 GET /partners/panel/tienda 200 in 76ms (compile: 3ms, render: 73ms)
 GET /partners/login 200 in 68ms (compile: 8ms, render: 59ms)
 GET /admin/login 200 in 71ms (compile: 7ms, render: 64ms)
 GET /admin/panel 200 in 79ms (compile: 7ms, render: 72ms)
 GET /admin/login 200 in 61ms (compile: 3ms, render: 57ms)
 GET /partners/login 200 in 103ms (compile: 5ms, render: 99ms)
 GET /admin/panel/partners/pendientes 200 in 42ms (compile: 8ms, render: 33ms)
 GET /admin/panel/partners/pendientes 200 in 84ms (compile: 5ms, render: 79ms)
 GET /admin/login 200 in 68ms (compile: 5ms, render: 63ms)
 GET /admin/panel 200 in 51ms (compile: 4ms, render: 47ms)
 GET /admin/panel/partners/pendientes 200 in 32ms (compile: 4ms, render: 27ms)
 GET /partners/panel 200 in 47ms (compile: 9ms, render: 38ms)
 GET /partners/panel/tienda 200 in 83ms (compile: 6ms, render: 77ms)
 GET /partners/panel/tienda 200 in 114ms (compile: 3ms, render: 111ms)
 GET /admin/panel/aliados/categorias 200 in 40ms (compile: 6ms, render: 35ms)
 GET /admin/login 200 in 70ms (compile: 4ms, render: 66ms)
 GET / 200 in 957ms (compile: 137ms, render: 820ms)
 GET /partners/panel/tienda 200 in 185ms (compile: 40ms, render: 145ms)
 GET /admin/login 200 in 101ms (compile: 15ms, render: 86ms)
 GET /partners/panel/tienda 200 in 78ms (compile: 7ms, render: 71ms)
 GET /partners/login 200 in 81ms (compile: 15ms, render: 66ms)
 GET /admin/login 200 in 63ms (compile: 4ms, render: 59ms)
 GET /admin/login 200 in 88ms (compile: 22ms, render: 65ms)
 GET /admin/login 200 in 95ms (compile: 4ms, render: 91ms)
 GET /partners/login 200 in 83ms (compile: 10ms, render: 73ms)
 HEAD / 200 in 144ms (compile: 10ms, render: 134ms)
 GET / 200 in 539ms (compile: 9ms, render: 529ms)
 GET /aliados/2 404 in 1552ms (compile: 28ms, render: 1524ms)
 GET / 200 in 280ms (compile: 91ms, render: 188ms)
 GET /?category=1 200 in 83ms (compile: 4ms, render: 79ms)
 GET / 200 in 54ms (compile: 4ms, render: 50ms)
 GET / 200 in 201ms (compile: 5ms, render: 196ms)
 GET /admin/login 200 in 77ms (compile: 4ms, render: 73ms)
 GET /admin/login 200 in 63ms (compile: 4ms, render: 59ms)
 GET /admin/login? 200 in 241ms (compile: 16ms, render: 225ms)
 GET /admin/login 200 in 66ms (compile: 5ms, render: 62ms)
 GET /admin/login 200 in 97ms (compile: 5ms, render: 92ms)
 GET /admin/login 200 in 412ms (compile: 13ms, render: 399ms)
 GET /admin/login? 200 in 410ms (compile: 216ms, render: 194ms)
 GET /admin/login 200 in 7.0s (compile: 4.6s, render: 2.5s)
 GET /admin/login 200 in 39.7s (compile: 20.1s, render: 19.6s)
 GET / 200 in 771ms (compile: 83ms, render: 688ms)
 GET /admin/login 200 in 81ms (compile: 13ms, render: 68ms)
 GET /admin/panel 200 in 641ms (compile: 235ms, render: 405ms)
 GET /admin/panel/partners/pendientes 200 in 104ms (compile: 28ms, render: 76ms)
 GET /admin/panel/aliados 200 in 128ms (compile: 24ms, render: 104ms)
 GET /partners/login 200 in 187ms (compile: 51ms, render: 137ms)
 GET /admin/panel/aliados 200 in 32ms (compile: 5ms, render: 27ms)
 GET /admin/panel/aliados 200 in 315ms (compile: 6ms, render: 309ms)
 GET /admin/panel/aliados 200 in 34ms (compile: 4ms, render: 31ms)
 GET /admin/panel/partners/pendientes 200 in 44ms (compile: 3ms, render: 41ms)
 GET /partners/panel 200 in 45ms (compile: 17ms, render: 27ms)
 GET /partners/panel/tienda 200 in 108ms (compile: 49ms, render: 59ms)
 GET /partners/panel/tienda 200 in 65ms (compile: 3ms, render: 62ms)
○ Compiling /partners/panel/productos ...
 GET /partners/panel/productos 200 in 6.6s (compile: 6.6s, render: 34ms)
 GET /partners/panel/productos 200 in 38ms (compile: 3ms, render: 34ms)
 GET /partners/panel/productos/categorias 200 in 1347ms (compile: 1287ms, render: 60ms)
 GET /partners/panel/productos 200 in 23ms (compile: 3ms, render: 19ms)
 GET /partners/panel/productos/categorias 200 in 151ms (compile: 98ms, render: 53ms)
 GET /partners/panel/delivery 200 in 1324ms (compile: 1272ms, render: 52ms)
 GET /partners/panel/perfil 200 in 731ms (compile: 687ms, render: 45ms)
 GET /partners/panel/productos/categorias 200 in 28ms (compile: 4ms, render: 24ms)
 GET /partners/panel/productos 200 in 25ms (compile: 3ms, render: 22ms)
 GET /partners/panel/tienda 200 in 34ms (compile: 4ms, render: 31ms)
 GET /partners/panel 200 in 28ms (compile: 6ms, render: 22ms)
 GET /partners/panel/tienda 200 in 37ms (compile: 4ms, render: 33ms)
 GET /partners/panel 200 in 22ms (compile: 4ms, render: 18ms)
 GET /partners/panel/productos 200 in 29ms (compile: 4ms, render: 26ms)
 GET /partners/panel/tienda 200 in 43ms (compile: 4ms, render: 39ms)
 GET /partners/panel 200 in 23ms (compile: 3ms, render: 20ms)
 GET /admin/panel 200 in 89ms (compile: 6ms, render: 84ms)
 GET /admin/panel 200 in 164ms (compile: 3ms, render: 161ms)
 GET /admin/panel/partners/pendientes 200 in 41ms (compile: 5ms, render: 36ms)
 GET /admin/panel/aliados 200 in 34ms (compile: 4ms, render: 30ms)
 GET /admin/panel 200 in 55ms (compile: 4ms, render: 51ms)
 GET /admin/panel/aliados 200 in 44ms (compile: 7ms, render: 36ms)
 GET /admin/panel/aliados/categorias 200 in 130ms (compile: 28ms, render: 103ms)
 GET /admin/panel/productos 200 in 87ms (compile: 11ms, render: 77ms)
 GET /admin/panel/productos/categorias 200 in 172ms (compile: 26ms, render: 146ms)
 GET /admin/panel/delivery-zonas 200 in 300ms (compile: 129ms, render: 170ms)
 GET /admin/panel/aliados/categorias 200 in 47ms (compile: 3ms, render: 44ms)
 GET /admin/panel/aliados 200 in 32ms (compile: 4ms, render: 29ms)
 GET /admin/panel/aliados 200 in 84ms (compile: 15ms, render: 69ms)
 GET /admin/panel/partners/pendientes 200 in 41ms (compile: 5ms, render: 36ms)
 GET /admin/panel 200 in 48ms (compile: 3ms, render: 45ms)
 GET /partners/login 200 in 125ms (compile: 10ms, render: 115ms)
 GET /partners/panel 200 in 36ms (compile: 4ms, render: 32ms)
 GET /admin/panel 200 in 13.5min (compile: 5.5min, render: 8.1min)
 GET /admin/panel/aliados 200 in 1034ms (compile: 180ms, render: 855ms)
 GET /admin/panel/aliados 200 in 262ms (compile: 45ms, render: 216ms)
✓ Finished filesystem cache database compaction in 14.0s
✓ Finished writing to filesystem cache in 12.9s
 GET /admin/panel 200 in 6.2s (compile: 409ms, render: 5.8s)
 GET /admin/panel/aliados 200 in 1102ms (compile: 946ms, render: 157ms)
 GET /admin/panel/aliados 200 in 752ms (compile: 170ms, render: 582ms)
 GET /admin/panel 200 in 366ms (compile: 140ms, render: 225ms)
 GET /admin/panel/productos 200 in 402ms (compile: 172ms, render: 230ms)
 GET /admin/panel 200 in 79ms (compile: 12ms, render: 67ms)
 GET /partners/panel 200 in 89ms (compile: 10ms, render: 80ms)
✓ Compiled in 234ms
 GET /partners/panel 200 in 1468ms (compile: 13ms, render: 1456ms)
 GET /admin/panel 200 in 1590ms (compile: 1335ms, render: 256ms)
 GET /partners/panel/tienda 200 in 70ms (compile: 31ms, render: 39ms)
 GET /partners/panel 200 in 44ms (compile: 4ms, render: 40ms)
 GET /admin/panel/partners/pendientes 200 in 65ms (compile: 17ms, render: 49ms)
 GET /admin/panel 200 in 104ms (compile: 4ms, render: 100ms)
 GET /admin/panel 200 in 945ms (compile: 5ms, render: 940ms)
 GET /partners/panel/productos 200 in 49ms (compile: 17ms, render: 32ms)
 GET /partners/panel 200 in 61ms (compile: 5ms, render: 56ms)
 GET /admin/login 200 in 241ms (compile: 73ms, render: 168ms)
 GET /admin/panel 200 in 132ms (compile: 4ms, render: 128ms)
 GET /admin/panel/aliados 200 in 50ms (compile: 14ms, render: 37ms)
 GET /admin/panel/aliados/categorias 200 in 86ms (compile: 25ms, render: 61ms)
 GET /admin/panel/productos 200 in 92ms (compile: 20ms, render: 72ms)
 GET /admin/panel/productos/categorias 200 in 66ms (compile: 25ms, render: 40ms)
 GET /admin/panel/aliados 200 in 46ms (compile: 4ms, render: 42ms)
 GET /admin/panel/aliados/categorias 200 in 65ms (compile: 4ms, render: 61ms)
 GET /admin/panel/productos 200 in 58ms (compile: 4ms, render: 55ms)
 GET /admin/panel/delivery-zonas 200 in 87ms (compile: 19ms, render: 68ms)
 GET /admin/panel/productos 200 in 57ms (compile: 16ms, render: 41ms)
 GET /admin/panel/aliados/categorias 200 in 60ms (compile: 4ms, render: 56ms)
 GET /admin/panel 200 in 84ms (compile: 4ms, render: 80ms)
 GET /partners/panel/tienda 200 in 144ms (compile: 17ms, render: 126ms)
 GET /partners/panel/productos 200 in 183ms (compile: 43ms, render: 140ms)
 GET /partners/panel/productos/categorias 200 in 112ms (compile: 28ms, render: 84ms)
 GET /partners/panel/tienda 200 in 45ms (compile: 4ms, render: 42ms)
 GET /partners/panel/delivery 200 in 94ms (compile: 27ms, render: 67ms)
 GET /partners/panel/perfil 200 in 72ms (compile: 17ms, render: 55ms)
 GET /partners/panel/delivery 200 in 113ms (compile: 21ms, render: 92ms)
 GET /partners/panel/productos/categorias 200 in 61ms (compile: 7ms, render: 55ms)
 GET /partners/panel/productos/categorias 200 in 80ms (compile: 4ms, render: 77ms)
✓ Compiled in 2.4s
 GET /admin/panel 200 in 1126ms (compile: 663ms, render: 463ms)
✓ Compiled in 5.9s
✓ Compiled in 0ms
 GET /partners/panel/productos 200 in 4.7s (compile: 4.5s, render: 265ms)
 GET /partners/panel/productos 200 in 142ms (compile: 13ms, render: 129ms)
 GET /partners/panel/tienda 200 in 71ms (compile: 4ms, render: 67ms)
✓ Compiled in 4.6s
 GET /admin/panel/aliados/categorias 200 in 2.2s (compile: 2.1s, render: 156ms)
✓ Finished filesystem cache database compaction in 31.2s
✓ Finished writing to filesystem cache in 16.9s
 GET /partners/panel/productos 200 in 120ms (compile: 6ms, render: 114ms)
 GET /partners/panel/productos/categorias 200 in 280ms (compile: 193ms, render: 87ms)
 GET /partners/panel/delivery 200 in 78ms (compile: 20ms, render: 58ms)
 GET /partners/panel/perfil 200 in 39ms (compile: 8ms, render: 31ms)
 GET /partners/panel/productos/categorias 200 in 72ms (compile: 4ms, render: 68ms)
 GET /partners/panel/productos/categorias 200 in 197ms (compile: 20ms, render: 177ms)
 GET /partners/panel 200 in 681ms (compile: 41ms, render: 640ms)
 GET /admin/panel/aliados/categorias 200 in 1376ms (compile: 3ms, render: 1373ms)
 GET /admin/panel 200 in 146ms (compile: 74ms, render: 71ms)
 GET /partners/panel/productos 200 in 61ms (compile: 10ms, render: 51ms)
 GET /admin/panel 200 in 157ms (compile: 6ms, render: 151ms)
 GET /admin/panel/aliados/categorias 200 in 56ms (compile: 3ms, render: 52ms)
 GET /admin/panel/productos/categorias 200 in 560ms (compile: 323ms, render: 237ms)
 GET /admin/panel/aliados/categorias 200 in 52ms (compile: 11ms, render: 41ms)
 GET /admin/panel/delivery-zonas 200 in 91ms (compile: 15ms, render: 76ms)
 GET /admin/panel/aliados 200 in 65ms (compile: 23ms, render: 42ms)
 GET /admin/panel/delivery-zonas 200 in 77ms (compile: 6ms, render: 70ms)
 GET /partners/panel/productos/categorias 200 in 125ms (compile: 7ms, render: 119ms)
 GET /partners/panel/delivery 200 in 75ms (compile: 18ms, render: 57ms)
 GET /partners/panel/tienda 200 in 44ms (compile: 11ms, render: 33ms)
 GET /partners/panel/perfil 200 in 55ms (compile: 5ms, render: 49ms)
 GET /partners/panel 200 in 79ms (compile: 5ms, render: 75ms)
✓ Compiled in 835ms
✓ Compiled in 515ms
✓ Compiled in 2.8s
✓ Finished filesystem cache database compaction in 37.2s
✓ Compiled in 2.6s
✓ Compiled in 350ms
✓ Compiled in 267ms
 GET /partners/panel 200 in 3.7s (compile: 601ms, render: 3.1s)
 GET /admin/panel/delivery-zonas 200 in 4.8s (compile: 3.2s, render: 1623ms)
 GET /admin/panel/productos/categorias 200 in 1673ms (compile: 482ms, render: 1191ms)
 GET /admin/panel/productos 200 in 5.4s (compile: 4.5s, render: 904ms)
 GET /admin/panel/productos 200 in 313ms (compile: 3ms, render: 309ms)
 GET /admin/panel/aliados/categorias 200 in 147ms (compile: 47ms, render: 99ms)
 GET /admin/panel/aliados 200 in 1045ms (compile: 827ms, render: 218ms)
 GET /admin/panel/partners/pendientes 200 in 1148ms (compile: 812ms, render: 336ms)
 GET /admin/panel 200 in 166ms (compile: 85ms, render: 82ms)
 GET /admin/panel/delivery-zonas 200 in 124ms (compile: 37ms, render: 87ms)
 GET /partners/panel/delivery 200 in 1734ms (compile: 713ms, render: 1020ms)
 GET /partners/panel/productos/categorias 200 in 540ms (compile: 369ms, render: 171ms)
 GET /partners/panel/productos 200 in 2.5s (compile: 2.2s, render: 354ms)
 GET /partners/panel/productos 200 in 3.6s (compile: 1818ms, render: 1817ms)
 GET /partners/panel/productos 200 in 3.3s (compile: 1987ms, render: 1311ms)
